Command: /home/dlwnstmd2021/UVM/4.PCIe_Controller_UVM/2.RX/0.PCIe_TL_RX/tb/./simv +ntb_random_seed=1 -l simv.log +UVM_TESTNAME=pcie_tl_test +UVM_VERBOSITY=UVM_MEDIUM + + +UVM_VERDI_TRACE=UVM_AWARE+RAL+TLM+IMP+HIER +UVM_VERDI_TRACE=COMPWAVE +UVM_TR_RECORD +UVM_LOG_RECORD
Chronologic VCS simulator copyright 1991-2020
Contains Synopsys proprietary information.
Compiler version R-2020.12-SP1-1_Full64; Runtime version R-2020.12-SP1-1_Full64;  May 25 12:38 2024
UVM_INFO /usr/synopsys/vcs/R-2020.12-SP1-1/etc/uvm-1.2/base/uvm_root.svh(402) @ 0: reporter [UVM/RELNOTES] 
----------------------------------------------------------------
UVM-1.2.Synopsys
(C) 2007-2014 Mentor Graphics Corporation
(C) 2007-2014 Cadence Design Systems, Inc.
(C) 2006-2014 Synopsys, Inc.
(C) 2011-2013 Cypress Semiconductor Corp.
(C) 2013-2014 NVIDIA Corporation
----------------------------------------------------------------

  ***********       IMPORTANT RELEASE NOTES         ************

  You are using a version of the UVM library that has been compiled
  with `UVM_OBJECT_DO_NOT_NEED_CONSTRUCTOR undefined.
  See http://www.eda.org/svdb/view.php?id=3770 for more details.

      (Specify +UVM_NO_RELNOTES to turn off this notice)

*Verdi* Enable Verdi Message Catcher.
*Verdi* Loading libsscore_vcs202012.so
FSDB Dumper for VCS, Release Verdi_R-2020.12-SP1-1, Linux x86_64/64bit, 04/20/2021
(C) 1996 - 2021 by Synopsys, Inc.
*Verdi* FSDB WARNING: The FSDB file already exists. Overwriting the FSDB file may crash the programs that are using this file.
*Verdi* : Create FSDB file 'novas.fsdb'
*Verdi* : Begin dumping the Class Object by file (/usr/synopsys/vcs/R-2020.12-SP1-1/etc/uvm-1.2/verdi/component.config).
*Verdi* : End of class object dumping.
UVM_INFO /usr/synopsys/vcs/R-2020.12-SP1-1/etc/uvm-1.2/verdi/uvm_custom_install_verdi_recorder.sv(283) @ 0: reporter [VERDI_TR_AUTO] +UVM_TR_RECORD implicitly enables recording_details to UVM_FULL for all components. For explicit control use +UVM_DISABLE_AUTO_COMPONENT and set recording_detail on components accordingly
*Verdi* Enable Verdi Factory Dumping.
UVM_INFO @ 0: reporter [RNTST] Running test pcie_tl_test...
*Verdi* Enable Verdi Recorder.
Info: Verdi UVM 1.2 Hooks File 06/17/2014 
UVM_INFO pcie_tl_monitor.sv(40) @ 100: uvm_test_top.env.agent.monitor [pcie_tl_monitor] Observed Transaction
: tlp_hdr_arr = 0
, rdata = 0

UVM_INFO pcie_tl_sequence.sv(31) @ 100: uvm_test_top.env.agent.sequencer@@seq [pcie_tl_sequence] Transaction 0:
  fc_valid = 1
  tlp_valid = 1
 tlp = 3161c683a4eae9e4dc50caae1037c7d7a50a0d14b43bac8af7e45100
 rready = 1
UVM_INFO pcie_tl_monitor.sv(40) @ 300: uvm_test_top.env.agent.monitor [pcie_tl_monitor] Observed Transaction
: tlp_hdr_arr = 0
, rdata = 0

UVM_INFO pcie_tl_sequence.sv(31) @ 300: uvm_test_top.env.agent.sequencer@@seq [pcie_tl_sequence] Transaction 1:
  fc_valid = 1
  tlp_valid = 1
 tlp = e99a4da0e9996e9c705f502412067587cf90e4ce42ea78504dca19ba
 rready = 1
UVM_INFO pcie_tl_monitor.sv(40) @ 500: uvm_test_top.env.agent.monitor [pcie_tl_monitor] Observed Transaction
: tlp_hdr_arr = 0
, rdata = 0

TLP Header   : tlp_header = 0
TLP Received: tlp_valid = 1, tlp = e99a4da0e9996e9c705f502412067587cf90e4ce42ea78504dca19ba
UVM_INFO pcie_tl_sequence.sv(31) @ 500: uvm_test_top.env.agent.sequencer@@seq [pcie_tl_sequence] Transaction 2:
  fc_valid = 1
  tlp_valid = 1
 tlp = 13cf1b8f7de52792c4f2201a118fbb05621fdbec1a0d48248a11c4e2
 rready = 1
UVM_INFO pcie_tl_monitor.sv(40) @ 700: uvm_test_top.env.agent.monitor [pcie_tl_monitor] Observed Transaction
: tlp_hdr_arr = e99a4da0e9996e9c705f5024
, rdata = 12067587cf90e4ce42ea78504dca19ba

TLP Header   : tlp_header = e99a4da0e9996e9c705f5024
TLP Received: tlp_valid = 1, tlp = 13cf1b8f7de52792c4f2201a118fbb05621fdbec1a0d48248a11c4e2
UVM_INFO pcie_tl_sequence.sv(31) @ 700: uvm_test_top.env.agent.sequencer@@seq [pcie_tl_sequence] Transaction 3:
  fc_valid = 1
  tlp_valid = 1
 tlp = 1c11853470639ad01cc42130a08c84da7a4ab8d2401bf790b5796b47
 rready = 1
UVM_INFO pcie_tl_monitor.sv(40) @ 900: uvm_test_top.env.agent.monitor [pcie_tl_monitor] Observed Transaction
: tlp_hdr_arr = 13cf1b8f7de52792c4f2201a
, rdata = 118fbb05621fdbec1a0d48248a11c4e2

TLP Header   : tlp_header = 13cf1b8f7de52792c4f2201a
TLP Received: tlp_valid = 1, tlp = 1c11853470639ad01cc42130a08c84da7a4ab8d2401bf790b5796b47
UVM_INFO pcie_tl_sequence.sv(31) @ 900: uvm_test_top.env.agent.sequencer@@seq [pcie_tl_sequence] Transaction 4:
  fc_valid = 1
  tlp_valid = 1
 tlp = 7e68257cd3685f5b5d1562f09a2bcf324f6c406b99d59fc1993a34a5
 rready = 1
UVM_INFO pcie_tl_monitor.sv(40) @ 1100: uvm_test_top.env.agent.monitor [pcie_tl_monitor] Observed Transaction
: tlp_hdr_arr = 1c11853470639ad01cc42130
, rdata = a08c84da7a4ab8d2401bf790b5796b47

TLP Header   : tlp_header = 1c11853470639ad01cc42130
TLP Received: tlp_valid = 1, tlp = 7e68257cd3685f5b5d1562f09a2bcf324f6c406b99d59fc1993a34a5
UVM_INFO pcie_tl_sequence.sv(31) @ 1100: uvm_test_top.env.agent.sequencer@@seq [pcie_tl_sequence] Transaction 5:
  fc_valid = 1
  tlp_valid = 1
 tlp = 5744a84f5b2e900f34b2c1fd3bdad137d910422e805353a16f212c9c
 rready = 1
UVM_INFO pcie_tl_monitor.sv(40) @ 1300: uvm_test_top.env.agent.monitor [pcie_tl_monitor] Observed Transaction
: tlp_hdr_arr = 7e68257cd3685f5b5d1562f0
, rdata = 9a2bcf324f6c406b99d59fc1993a34a5

TLP Header   : tlp_header = 7e68257cd3685f5b5d1562f0
TLP Received: tlp_valid = 1, tlp = 5744a84f5b2e900f34b2c1fd3bdad137d910422e805353a16f212c9c
UVM_INFO pcie_tl_sequence.sv(31) @ 1300: uvm_test_top.env.agent.sequencer@@seq [pcie_tl_sequence] Transaction 6:
  fc_valid = 1
  tlp_valid = 1
 tlp = 712cfc4e619c2a18705b77afedc49aa9c1d725da6ce236cb5e6e6543
 rready = 1
UVM_INFO pcie_tl_monitor.sv(40) @ 1500: uvm_test_top.env.agent.monitor [pcie_tl_monitor] Observed Transaction
: tlp_hdr_arr = 5744a84f5b2e900f34b2c1fd
, rdata = 3bdad137d910422e805353a16f212c9c

TLP Header   : tlp_header = 5744a84f5b2e900f34b2c1fd
TLP Received: tlp_valid = 1, tlp = 712cfc4e619c2a18705b77afedc49aa9c1d725da6ce236cb5e6e6543
UVM_INFO pcie_tl_sequence.sv(31) @ 1500: uvm_test_top.env.agent.sequencer@@seq [pcie_tl_sequence] Transaction 7:
  fc_valid = 1
  tlp_valid = 1
 tlp = da188a165b8e7b49f2fd9126f7fb5e61db1d8aece6649cb37e99a05e
 rready = 1
UVM_INFO pcie_tl_monitor.sv(40) @ 1700: uvm_test_top.env.agent.monitor [pcie_tl_monitor] Observed Transaction
: tlp_hdr_arr = 712cfc4e619c2a18705b77af
, rdata = edc49aa9c1d725da6ce236cb5e6e6543

TLP Header   : tlp_header = 712cfc4e619c2a18705b77af
TLP Received: tlp_valid = 1, tlp = da188a165b8e7b49f2fd9126f7fb5e61db1d8aece6649cb37e99a05e
UVM_INFO pcie_tl_sequence.sv(31) @ 1700: uvm_test_top.env.agent.sequencer@@seq [pcie_tl_sequence] Transaction 8:
  fc_valid = 1
  tlp_valid = 1
 tlp = c32e684725e7664fc01b296e9c05eba1fbf7ce93a6b23f3bd5860f67
 rready = 1
UVM_INFO pcie_tl_monitor.sv(40) @ 1900: uvm_test_top.env.agent.monitor [pcie_tl_monitor] Observed Transaction
: tlp_hdr_arr = da188a165b8e7b49f2fd9126
, rdata = f7fb5e61db1d8aece6649cb37e99a05e

TLP Header   : tlp_header = da188a165b8e7b49f2fd9126
TLP Received: tlp_valid = 1, tlp = c32e684725e7664fc01b296e9c05eba1fbf7ce93a6b23f3bd5860f67
UVM_INFO pcie_tl_sequence.sv(31) @ 1900: uvm_test_top.env.agent.sequencer@@seq [pcie_tl_sequence] Transaction 9:
  fc_valid = 1
  tlp_valid = 1
 tlp = d822c4670d02da9cad257b24e9db18d4862afda12f6676a7eb2472a8
 rready = 1
UVM_INFO pcie_tl_monitor.sv(40) @ 2100: uvm_test_top.env.agent.monitor [pcie_tl_monitor] Observed Transaction
: tlp_hdr_arr = c32e684725e7664fc01b296e
, rdata = 9c05eba1fbf7ce93a6b23f3bd5860f67

TLP Header   : tlp_header = c32e684725e7664fc01b296e
TLP Received: tlp_valid = 1, tlp = d822c4670d02da9cad257b24e9db18d4862afda12f6676a7eb2472a8
UVM_INFO /usr/synopsys/vcs/R-2020.12-SP1-1/etc/uvm-1.2/base/uvm_report_catcher.svh(705) @ 2100: reporter [UVM/REPORT/CATCHER] 
--- UVM Report catcher Summary ---


Number of demoted UVM_FATAL reports  :    0
Number of demoted UVM_ERROR reports  :    0
Number of demoted UVM_WARNING reports:    0
Number of caught UVM_FATAL reports   :    0
Number of caught UVM_ERROR reports   :    0
Number of caught UVM_WARNING reports :    0

UVM_INFO /usr/synopsys/vcs/R-2020.12-SP1-1/etc/uvm-1.2/base/uvm_report_server.svh(901) @ 2100: reporter [UVM/REPORT/SERVER] 
--- UVM Report Summary ---

** Report counts by severity
UVM_INFO :   25
UVM_WARNING :    0
UVM_ERROR :    0
UVM_FATAL :    0
** Report counts by id
[RNTST]     1
[UVM/RELNOTES]     1
[UVM/REPORT/CATCHER]     1
[VERDI_TR_AUTO]     1
[pcie_tl_monitor]    11
[pcie_tl_sequence]    10

$finish called from file "/usr/synopsys/vcs/R-2020.12-SP1-1/etc/uvm-1.2/base/uvm_root.svh", line 527.
$finish at simulation time                 2100
           V C S   S i m u l a t i o n   R e p o r t 
Time: 210000 ps
CPU Time:      0.740 seconds;       Data structure size:   0.6Mb
Sat May 25 12:38:13 2024
