#######################################################################################
# log primitive debug message of FSDB dumping                                         #
# This is for R&D to analyze when there are issues happening when FSDB dump           #
#######################################################################################
ANF: vcsd_get_serial_mode_status('./simv: undefined symbol: vcsd_get_serial_mode_status')
ANF: vcsd_enable_sva_success_callback('./simv: undefined symbol: vcsd_enable_sva_success_callback')
ANF: vcsd_disable_sva_success_callback('./simv: undefined symbol: vcsd_disable_sva_success_callback')
ANF: vcsd_get_power_scope_name('./simv: undefined symbol: vcsd_get_power_scope_name')
ANF: vcsd_begin_no_value_var_info('./simv: undefined symbol: vcsd_begin_no_value_var_info')
ANF: vcsd_end_no_value_var_info('./simv: undefined symbol: vcsd_end_no_value_var_info')
ANF: vcsd_remove_xprop_merge_mode_callback('./simv: undefined symbol: vcsd_remove_xprop_merge_mode_callback')
ANF: vhpi_get_cb_info('./simv: undefined symbol: vhpi_get_cb_info')
ANF: vhpi_free_handle('./simv: undefined symbol: vhpi_free_handle')
ANF: vhpi_fetch_vcsd_handle('./simv: undefined symbol: vhpi_fetch_vcsd_handle')
ANF: vhpi_fetch_vpi_handle('./simv: undefined symbol: vhpi_fetch_vpi_handle')
ANF: vhpi_has_verilog_parent('./simv: undefined symbol: vhpi_has_verilog_parent')
ANF: vhpi_is_verilog_scope('./simv: undefined symbol: vhpi_is_verilog_scope')
ANF: scsd_xprop_is_enabled('./simv: undefined symbol: scsd_xprop_is_enabled')
ANF: scsd_xprop_sig_is_promoted('./simv: undefined symbol: scsd_xprop_sig_is_promoted')
ANF: scsd_xprop_int_xvalue('./simv: undefined symbol: scsd_xprop_int_xvalue')
ANF: scsd_xprop_bool_xvalue('./simv: undefined symbol: scsd_xprop_bool_xvalue')
ANF: scsd_xprop_enum_xvalue('./simv: undefined symbol: scsd_xprop_enum_xvalue')
ANF: scsd_xprop_register_merge_mode_cb('./simv: undefined symbol: scsd_xprop_register_merge_mode_cb')
ANF: scsd_xprop_delete_merge_mode_cb('./simv: undefined symbol: scsd_xprop_delete_merge_mode_cb')
ANF: scsd_xprop_get_merge_mode('./simv: undefined symbol: scsd_xprop_get_merge_mode')
ANF: scsd_thread_get_info('./simv: undefined symbol: scsd_thread_get_info')
ANF: scsd_thread_vc_init('./simv: undefined symbol: scsd_thread_vc_init')
ANF: scsd_master_set_delta_sync_cbk('./simv: undefined symbol: scsd_master_set_delta_sync_cbk')
ANF: scsd_fgp_get_fsdb_cores('./simv: undefined symbol: scsd_fgp_get_fsdb_cores')
ANF: vhdi_dt_get_type('./simv: undefined symbol: vhdi_dt_get_type')
ANF: vhdi_dt_get_key('./simv: undefined symbol: vhdi_dt_get_key')
ANF: vhdi_dt_get_vhdl_enum_info('./simv: undefined symbol: vhdi_dt_get_vhdl_enum_info')
ANF: vhdi_dt_get_vhdl_physical_info('./simv: undefined symbol: vhdi_dt_get_vhdl_physical_info')
ANF: vhdi_dt_get_vhdl_array_info('./simv: undefined symbol: vhdi_dt_get_vhdl_array_info')
ANF: vhdi_dt_get_vhdl_record_info('./simv: undefined symbol: vhdi_dt_get_vhdl_record_info')
ANF: vhdi_def_traverse_module('./simv: undefined symbol: vhdi_def_traverse_module')
ANF: vhdi_def_traverse_scope('./simv: undefined symbol: vhdi_def_traverse_scope')
ANF: vhdi_def_traverse_variable('./simv: undefined symbol: vhdi_def_traverse_variable')
ANF: vhdi_def_get_module_id_by_vhpi('./simv: undefined symbol: vhdi_def_get_module_id_by_vhpi')
ANF: vhdi_def_get_handle_by_module_id('./simv: undefined symbol: vhdi_def_get_handle_by_module_id')
ANF: vhdi_def_get_variable_info_by_vhpi('./simv: undefined symbol: vhdi_def_get_variable_info_by_vhpi')
ANF: vhdi_def_free('./simv: undefined symbol: vhdi_def_free')
ANF: vhdi_ist_traverse_scope('./simv: undefined symbol: vhdi_ist_traverse_scope')
ANF: vhdi_ist_traverse_variable('./simv: undefined symbol: vhdi_ist_traverse_variable')
ANF: vhdi_ist_convert_by_vhpi('./simv: undefined symbol: vhdi_ist_convert_by_vhpi')
ANF: vhdi_ist_clone('./simv: undefined symbol: vhdi_ist_clone')
ANF: vhdi_ist_free('./simv: undefined symbol: vhdi_ist_free')
ANF: vhdi_ist_hash_key('./simv: undefined symbol: vhdi_ist_hash_key')
ANF: vhdi_ist_compare('./simv: undefined symbol: vhdi_ist_compare')
ANF: vhdi_ist_get_value_addr('./simv: undefined symbol: vhdi_ist_get_value_addr')
ANF: vhdi_set_scsd_callback('./simv: undefined symbol: vhdi_set_scsd_callback')
ANF: vhdi_cbk_set_force_callback('./simv: undefined symbol: vhdi_cbk_set_force_callback')
ANF: vhdi_trigger_init_force('./simv: undefined symbol: vhdi_trigger_init_force')
ANF: vhdi_ist_check_scsd_callback('./simv: undefined symbol: vhdi_ist_check_scsd_callback')
ANF: vhdi_ist_add_scsd_callback('./simv: undefined symbol: vhdi_ist_add_scsd_callback')
ANF: vhdi_ist_remove_scsd_callback('./simv: undefined symbol: vhdi_ist_remove_scsd_callback')
ANF: vhdi_ist_get_scsd_user_data('./simv: undefined symbol: vhdi_ist_get_scsd_user_data')
ANF: vhdi_add_time_change_callback('./simv: undefined symbol: vhdi_add_time_change_callback')
ANF: vhdi_get_real_value_by_value_addr('./simv: undefined symbol: vhdi_get_real_value_by_value_addr')
ANF: vhdi_get_64_value_by_value_addr('./simv: undefined symbol: vhdi_get_64_value_by_value_addr')
ANF: vhdi_xprop_inst_is_promoted('./simv: undefined symbol: vhdi_xprop_inst_is_promoted')
ANF: vdi_ist_convert_by_vhdi('./simv: undefined symbol: vdi_ist_convert_by_vhdi')
ANF: vhdi_ist_get_module_id('./simv: undefined symbol: vhdi_ist_get_module_id')
ANF: vhdi_refine_foreign_scope_type('./simv: undefined symbol: vhdi_refine_foreign_scope_type')
ANF: vhdi_flush_callback('./simv: undefined symbol: vhdi_flush_callback')
ANF: vhdi_set_orig_name('./simv: undefined symbol: vhdi_set_orig_name')
ANF: vhdi_set_dump_pt('./simv: undefined symbol: vhdi_set_dump_pt')
ANF: vhdi_get_fsdb_option('./simv: undefined symbol: vhdi_get_fsdb_option')
ANF: vhdi_fgp_get_mode('./simv: undefined symbol: vhdi_fgp_get_mode')
ANF: vhdi_node_register_composite_var('./simv: undefined symbol: vhdi_node_register_composite_var')
ANF: vhdi_node_analysis('./simv: undefined symbol: vhdi_node_analysis')
ANF: vhdi_node_id('./simv: undefined symbol: vhdi_node_id')
ANF: vhdi_node_ist_check_scsd_callback('./simv: undefined symbol: vhdi_node_ist_check_scsd_callback')
ANF: vhdi_node_ist_add_scsd_callback('./simv: undefined symbol: vhdi_node_ist_add_scsd_callback')
ANF: vhdi_node_ist_get_value_addr('./simv: undefined symbol: vhdi_node_ist_get_value_addr')
ANF: vhdi_enc_def_traverse_module('./simv: undefined symbol: vhdi_enc_def_traverse_module')
ANF: vhdi_enc_def_traverse_scope('./simv: undefined symbol: vhdi_enc_def_traverse_scope')
ANF: vhdi_enc_def_traverse_variable('./simv: undefined symbol: vhdi_enc_def_traverse_variable')
ANF: vhdi_enc_ist_traverse_scope('./simv: undefined symbol: vhdi_enc_ist_traverse_scope')
ANF: vhdi_enc_ist_traverse_variable('./simv: undefined symbol: vhdi_enc_ist_traverse_variable')
ANF: vhdi_enc_ist_get_module_id('./simv: undefined symbol: vhdi_enc_ist_get_module_id')
ANF: vhdi_enc_def_get_handle_by_module_id('./simv: undefined symbol: vhdi_enc_def_get_handle_by_module_id')
VCS compile option:
 option[0]: ./simv
 option[1]: +ntb_random_seed=1
 option[2]: -l
 option[3]: simv.log
 option[4]: +UVM_TESTNAME=pcie_tl_test
 option[5]: +UVM_VERBOSITY=UVM_MEDIUM
 option[6]: +
 option[7]: +
 option[8]: +UVM_VERDI_TRACE=UVM_AWARE+RAL+TLM+IMP+HIER
 option[9]: +UVM_VERDI_TRACE=COMPWAVE
 option[10]: +UVM_TR_RECORD
 option[11]: +UVM_LOG_RECORD
 option[12]: /usr/synopsys/vcs/R-2020.12-SP1-1/linux64/bin/vcs1
 option[13]: -Mcc=gcc
 option[14]: -Mcplusplus=g++
 option[15]: -Masflags=
 option[16]: -Mcfl= -pipe -DVCSMX -DUVM_DPI_DO_TYPE_CHECK -fPIC -O -I/usr/synopsys/vcs/R-2020.12-SP1-1/include 
 option[17]: -Mxllcflags=
 option[18]: -Mxcflags= -pipe -DVCSMX -DUVM_DPI_DO_TYPE_CHECK -fPIC -I/usr/synopsys/vcs/R-2020.12-SP1-1/include
 option[19]: -Mldflags= -Wl,--no-as-needed -rdynamic 
 option[20]: -Mout=simv
 option[21]: -Mamsrun=
 option[22]: -Mvcsaceobjs=
 option[23]: -Mobjects= /usr/synopsys/vcs/R-2020.12-SP1-1/linux64/lib/libvirsim.so /usr/synopsys/vcs/R-2020.12-SP1-1/linux64/lib/liberrorinf.so /usr/synopsys/vcs/R-2020.12-SP1-1/linux64/lib/libsnpsmalloc.so /usr/synopsys/vcs/R-2020.12-SP1-1/linux64/lib/libvfs.so 
 option[24]: -Mexternalobj=
 option[25]: -Msaverestoreobj=/usr/synopsys/vcs/R-2020.12-SP1-1/linux64/lib/vcs_save_restore_new.o
 option[26]: -Mcrt0=
 option[27]: -Mcrtn=
 option[28]: -Mcsrc=/usr/synopsys/vcs/R-2020.12-SP1-1/etc/uvm-1.2/dpi/uvm_dpi.cc /usr/synopsys/vcs/R-2020.12-SP1-1/etc/uvm-1.2/verdi/dpi/uvm_verdi_dpi.cpp 
 option[29]: -Msyslibs=/usr/synopsys/verdi/R-2020.12-SP1-1/share/PLI/VCS/LINUX64/pli.a -ldl 
 option[30]: +define+UVM_VERDI_VIF_RECORD
 option[31]: +define+UVM_VCS_RECORD
 option[32]: +incdir+/usr/synopsys/vcs/R-2020.12-SP1-1/etc/uvm-1.2/vcs
 option[33]: /usr/synopsys/vcs/R-2020.12-SP1-1/etc/uvm-1.2/uvm_pkg.sv
 option[34]: /usr/synopsys/vcs/R-2020.12-SP1-1/etc/uvm-1.2/vcs/uvm_custom_install_vcs_recorder.sv
 option[35]: +incdir+/usr/synopsys/vcs/R-2020.12-SP1-1/etc/uvm-1.2/verdi
 option[36]: /usr/synopsys/vcs/R-2020.12-SP1-1/etc/uvm-1.2/verdi/uvm_custom_install_verdi_recorder.sv
 option[37]: -full64
 option[38]: -debug_access+all
 option[39]: +vpi
 option[40]: +vcsd1
 option[41]: +itf+/usr/synopsys/vcs/R-2020.12-SP1-1/linux64/lib/vcsdp_lite.tab
 option[42]: -timescale=1ns/100ps
 option[43]: -kdb
 option[44]: -Xufe=2steps
 option[45]: -ntb_opts
 option[46]: ../uvm-1.2
 option[47]: +incdir+/usr/synopsys/vcs/R-2020.12-SP1-1/etc/uvm-1.2/
 option[48]: +define+UVM_VERDI_COMPWAVE+UVM_NO_DEPRECATED+UVM_OBJECT_MUST_HAVE_CONSTRUCTOR+
 option[49]: -lca
 option[50]: -debug_access+all
 option[51]: -picarchive
 option[52]: -P
 option[53]: /usr/synopsys/verdi/R-2020.12-SP1-1/share/PLI/VCS/LINUX64/verdi.tab
 option[54]: -fsdb
 option[55]: -sverilog
 option[56]: -gen_obj
 option[57]: ../rtl/PCIe_PKG.svh
 option[58]: ../rtl/AXI_INIF.sv
 option[59]: ../rtl/PCIe_FIFO.sv
 option[60]: ../rtl/PCIe_arbiter.sv
 option[61]: ../rtl/PCIe_TL_TX.sv
 option[62]: ../rtl/pcie_tl_if.sv
 option[63]: ./packages/pcie_tl_stimulus_pkg.sv
 option[64]: ./packages/pcie_tl_env_pkg.sv
 option[65]: ./packages/pcie_tl_test_pkg.sv
 option[66]: ./testbench.sv
 option[67]: -load
 option[68]: /usr/synopsys/verdi/R-2020.12-SP1-1/share/PLI/VCS/LINUX64/libnovas.so:FSDBDumpCmd
 option[69]: timescale=1ns/100ps
Chronologic Simulation VCS Release R-2020.12-SP1-1_Full64
Linux 5.4.0-150-generic #167~18.04.1-Ubuntu SMP Wed May 24 00:51:42 UTC 2023 x86_64
CPU cores: 40
Limit information:
======================================
cputime		unlimited
filesize		unlimited
datasize		unlimited
stacksize		8250 kbytes
coredumpsize		0 kbytes
memoryuse		unlimited
vmemoryuse		unlimited
descriptors		1048576
memorylocked		65536 kbytes
maxproc		2058324
======================================
(Special)Runtime environment variables:

Runtime environment variables:
CONDA_SHLVL=1
LD_LIBRARY_PATH=/media/2/LogicLibraries
LS_COLORS=tw=00;33:ow=01;33:
CONDA_EXE=/compuworks/anaconda3/bin/conda
LC_MEASUREMENT=ko_KR.UTF-8
SSH_CONNECTION=115.145.211.115 7274 115.145.211.247 8002
LESSCLOSE=/usr/bin/lesspipe %s %s
LC_PAPER=ko_KR.UTF-8
LC_MONETARY=ko_KR.UTF-8
_=./simv
LANG=en_US.UTF-8
DISPLAY=localhost:12.0
OLDPWD=/home/dlwnstmd2021/UVM/4.PCIe_Controller_UVM/TX/Lab2_PCIe_TL
MAKE_TERMOUT=/dev/pts/12
SNPSLMD_LICENSE_FILE=27000@semi-lic.skku.edu
CONDA_PREFIX=/compuworks/anaconda3
MFLAGS=
_CE_M=
LC_NAME=ko_KR.UTF-8
XDG_SESSION_ID=11589
USER=dlwnstmd2021
DC_HOME=/usr/synopsys/syn/Q-2019.12-SP5-5
PWD=/home/dlwnstmd2021/UVM/4.PCIe_Controller_UVM/TX/Lab2_PCIe_TL/tb
HOME=/home/dlwnstmd2021
CONDA_PYTHON_EXE=/compuworks/anaconda3/bin/python
SSH_CLIENT=115.145.211.115 7274 8002
ARMLMD_LICENSE_FILE=8224@semi-lic.skku.edu
XDG_DATA_DIRS=/usr/local/share:/usr/share:/var/lib/snapd/desktop
_CE_CONDA=
LC_ADDRESS=ko_KR.UTF-8
LC_NUMERIC=ko_KR.UTF-8
CONDA_PROMPT_MODIFIER=(base) 
SSH_TTY=/dev/pts/12
MAIL=/var/mail/dlwnstmd2021
TERM=xterm-256color
SHELL=/bin/bash
LM_LICENSE_FILE=8224@semi-lic.skku.edu
ARM_IP_LIBRARY_PATH=/media/1/ARM/PL401-BU-50000-r1p2-00rel1:/media/1/ARM/catalog/ip/SystemIP/Interconnect/NIC/NIC-400/r1p2
MAKELEVEL=1
VERDI_HOME=/usr/synopsys/verdi/R-2020.12-SP1-1
SHLVL=2
MAKE_TERMERR=/dev/pts/12
LC_TELEPHONE=ko_KR.UTF-8
LOGNAME=dlwnstmd2021
DBUS_SESSION_BUS_ADDRESS=unix:path=/run/user/2006/bus
XDG_RUNTIME_DIR=/run/user/2006
PATH=/compuworks/anaconda3/bin:/compuworks/anaconda3/condabin:/usr/synopsys/vcs/R-2020.12-SP1-1/bin:/usr/synopsys/verdi/R-2020.12-SP1-1/bin:/usr/synopsys/syn/Q-2019.12-SP5-5/bin:/usr/synopsys/spyglass/P-2019.06-SP2-17/SPYGLASS_HOME/bin:/usr/synopsys/installer/5.2:/usr/local/cuda-11.4/bin:/usr/local/cuda-10.2/bin:/usr/local/sbin:/usr/local/bin:/usr/sbin:/usr/bin:/sbin:/bin:/usr/games:/usr/local/games:/snap/bin
LC_IDENTIFICATION=ko_KR.UTF-8
VCS_HOME=/usr/synopsys/vcs/R-2020.12-SP1-1
CONDA_DEFAULT_ENV=base
MAKEFLAGS=
SPYGLASS_HOME=/usr/synopsys/spyglass/P-2019.06-SP2-17/SPYGLASS_HOME
LESSOPEN=| /usr/bin/lesspipe %s
LC_TIME=ko_KR.UTF-8
VCS_PATHMAP_PRELOAD_DONE=1
VCS_STACK_EXEC=true
VCS_EXEC_DONE=1
LC_ALL=C
DVE=/usr/synopsys/vcs/R-2020.12-SP1-1/gui/dve
SPECMAN_OUTPUT_TO_TTY=1
FLEXLM_BORROWFILE=/home/dlwnstmd2021/.SALserver01-borrow.txt
Runtime command line arguments:
argv[0]=./simv
argv[1]=+ntb_random_seed=1
argv[2]=-l
argv[3]=simv.log
argv[4]=+UVM_TESTNAME=pcie_tl_test
argv[5]=+UVM_VERBOSITY=UVM_MEDIUM
argv[6]=+
argv[7]=+
argv[8]=+UVM_VERDI_TRACE=UVM_AWARE+RAL+TLM+IMP+HIER
argv[9]=+UVM_VERDI_TRACE=COMPWAVE
argv[10]=+UVM_TR_RECORD
argv[11]=+UVM_LOG_RECORD
246 profile - 100
          CPU/Mem usage: 0.050 sys,  0.390 user,  314.37M mem
247 Elapsed time:    0:00:00    Fri May 24 15:08:11 2024
248 pliAppInit
249 [SC]Init: MemoryConsumed=0.00MB ElapsedTime=0hour 0min. 0sec.
250 FSDB_GATE is set.
251 FSDB_RTL is set.
252 FSDB_FIELDTYPE is set.
253 FSDB_ALIAS_ARRAY_ELEM is set to 4294967295.
254 Enable Parallel Dumping.
255 pliAppMiscSet: New Sim Round
256 pliEntryInit
257 LIBSSCORE=found /usr/synopsys/verdi/R-2020.12-SP1-1/share/PLI/lib/LINUXAMD64/libsscore_vcs202012.so through $NOVAS_HOME setting.
258 FSDB Dumper for VCS, Release Verdi_R-2020.12-SP1-1, Linux x86_64/64bit, 04/20/2021
259 (C) 1996 - 2021 by Synopsys, Inc.
260 sps_call_fsdbDumpClassObjectByFile at 0 : /usr/synopsys/vcs/R-2020.12-SP1-1/etc/uvm-1.2/verdi/uvm_verdi_pli.svh(580)
261 argv[0]: (handle) uvm_custom_install_verdi_recording.\uvm_verdi_pli::dump_comp_object_by_file .st_file_name
262 *Verdi* : Create FSDB file 'novas.fsdb'
263 [spi_vcs_vd_ppi_create_root]: no upf option
264 FSDB dumper cannot dump UPF related power signal ($power_tree): no ppiPowerNetwork.
265 compile option from '/home/dlwnstmd2021/UVM/4.PCIe_Controller_UVM/TX/Lab2_PCIe_TL/tb/simv.daidir/vcs_rebuild'.
266   "vcs '-full64' '-sverilog' '-debug_access+all' '-timescale=1ns/100ps' '-kdb' '-LDFLAGS' '-Wl,--no-as-needed' '-ntb_opts' '../uvm-1.2' '../rtl/PCIe_PKG.svh' '../rtl/AXI_INIF.sv' '../rtl/PCIe_FIFO.sv' '../rtl/PCIe_arbiter.sv' '../rtl/PCIe_TL_TX.sv' '../rtl/pcie_tl_if.sv' './packages/pcie_tl_stimulus_pkg.sv' './packages/pcie_tl_env_pkg.sv' './packages/pcie_tl_test_pkg.sv' './testbench.sv' '+define+UVM_VERDI_COMPWAVE+UVM_NO_DEPRECATED+UVM_OBJECT_MUST_HAVE_CONSTRUCTOR+' '-lca' '-debug_access+all' 2>&1"
267 *Verdi* : Begin dumping the Class Object by file (/usr/synopsys/vcs/R-2020.12-SP1-1/etc/uvm-1.2/verdi/component.config).
268 pliEntry_fsdbDumpClassObject_singletask at 0
269 argv[0]: *uvm_pkg*.uvm_component
270 pliAppDumpClassObject_Begin: profile - 
          CPU/Mem usage: 0.050 sys,  0.400 user,  397.70M mem
                   incr: 0.000 sys,  0.000 user,  0.00M mem
                   accu: 0.000 sys,  0.000 user,  0.00M mem
              accu incr: 0.000 sys,  0.000 user,  0.00M mem

          Count usage: 0 var,  0 idcode,  0 callback
                 incr: 0 var,  0 idcode,  0 callback
                 accu: 0 var,  0 idcode,  0 callback
            accu incr: 0 var,  0 idcode,  0 callback
271 Elapsed time:    0:00:00    Fri May 24 15:08:11 2024
272 pliAppDumpClassObject_End: profile - 
          CPU/Mem usage: 0.060 sys,  0.520 user,  426.09M mem
                   incr: 0.010 sys,  0.120 user,  28.39M mem
                   accu: 0.010 sys,  0.120 user,  28.39M mem
              accu incr: 0.010 sys,  0.120 user,  28.39M mem

          Count usage: 26 var,  65 idcode,  0 callback
                 incr: 26 var,  65 idcode,  0 callback
                 accu: 26 var,  65 idcode,  0 callback
            accu incr: 26 var,  65 idcode,  0 callback
273 Elapsed time:    0:00:01    Fri May 24 15:08:12 2024
274 pliEntry_fsdbDumpClassObject_singletask at 0
275 argv[0]: *uvm_port_base*
276 pliAppDumpClassObject_Begin: profile - 
          CPU/Mem usage: 0.060 sys,  0.520 user,  426.09M mem
                   incr: 0.000 sys,  0.000 user,  0.00M mem
                   accu: 0.000 sys,  0.000 user,  0.00M mem
              accu incr: 0.000 sys,  0.000 user,  0.00M mem

          Count usage: 26 var,  65 idcode,  0 callback
                 incr: 0 var,  0 idcode,  0 callback
                 accu: 0 var,  0 idcode,  0 callback
            accu incr: 0 var,  0 idcode,  0 callback
277 Elapsed time:    0:00:01    Fri May 24 15:08:12 2024
278 pliAppDumpClassObject_End: profile - 
          CPU/Mem usage: 0.060 sys,  0.520 user,  426.09M mem
                   incr: 0.000 sys,  0.000 user,  0.00M mem
                   accu: 0.000 sys,  0.000 user,  0.00M mem
              accu incr: 0.000 sys,  0.000 user,  0.00M mem

          Count usage: 26 var,  65 idcode,  0 callback
                 incr: 0 var,  0 idcode,  0 callback
                 accu: 0 var,  0 idcode,  0 callback
            accu incr: 0 var,  0 idcode,  0 callback
279 Elapsed time:    0:00:01    Fri May 24 15:08:12 2024
280 *Verdi* : End of class object dumping.
281 End of simulation at 2100
282 Memory usage: 435.433 M
283 Elapsed time:    0:00:01    Fri May 24 15:08:12 2024
284 Begin FSDB profile info:
285 FSDB Writer : bc1(92) bcn(3584) mtf/stf(0/0)
FSDB Writer elapsed time : flush(0.021521) io wait(0.000000) theadpool wait(0.000000)
FSDB Writer cpu time : MT Compression : 0
286 End FSDB profile info
287 FSDB closed. Name: novas.fsdb Size: 46495
288 Parallel profile     - ProducerThread:1 ConsumerThread:1 Buffer:64MB
289                      - BlockUsed:1 Acquire:4135 BufferUsed:132345
290                      - Flush:4 Expand:0 ProducerWait:0 ConsumerWait:0
291                      - MainProducerTime:0.729587560 TotalConsumerTime:0.000000000
292                      - ElapsedTime:0.671154000
293 Producer   0 profile - BlockUsed:1 Acquire:4135 BufferUsed:132345
294 Consumer   0 profile - Affinity:-1 CPUTime:0.000000000 LifeTime:0.000000000 (-nan%)
295                      - BlockUsed:1 Acquire:4135 BufferUsed:132345
296 SimExit
297 Elapsed time:    0:00:01    Fri May 24 15:08:12 2024
298 Sim process exit
